\BOOKMARK [1][-]{section*.2}{Program Design}{}% 1
\BOOKMARK [2][-]{section*.3}{Spanning Tree Algorithm}{section*.2}% 2
\BOOKMARK [3][-]{section*.4}{Cell Struct}{section*.3}% 3
\BOOKMARK [3][-]{section*.5}{Cell Process}{section*.3}% 4
\BOOKMARK [3][-]{section*.6}{Receiver Process}{section*.3}% 5
\BOOKMARK [3][-]{section*.7}{Miscellaneous}{section*.3}% 6
\BOOKMARK [2][-]{section*.8}{Message Optimal Algorithm}{section*.2}% 7
\BOOKMARK [3][-]{section*.9}{Cell Struct}{section*.8}% 8
\BOOKMARK [3][-]{section*.10}{Cell Process}{section*.8}% 9
\BOOKMARK [3][-]{section*.11}{Receiver Process}{section*.8}% 10
\BOOKMARK [3][-]{section*.12}{Miscellaneous}{section*.8}% 11
\BOOKMARK [3][-]{section*.13}{Some Common Patterns}{section*.8}% 12
\BOOKMARK [1][-]{section*.14}{Program Output}{}% 13
\BOOKMARK [2][-]{section*.15}{Spanning Tree Algorithm}{section*.14}% 14
\BOOKMARK [2][-]{section*.16}{Message Optimal Algorithm}{section*.14}% 15
\BOOKMARK [1][-]{section*.17}{Results \046 Graphs}{}% 16
\BOOKMARK [2][-]{section*.18}{Spanning Tree Algorithm}{section*.17}% 17
\BOOKMARK [3][-]{section*.19}{Explaination of Results}{section*.18}% 18
\BOOKMARK [2][-]{section*.20}{Spanning Tree Algorithm}{section*.17}% 19
\BOOKMARK [3][-]{section*.21}{Explaination of Results}{section*.20}% 20
